mode: atomic
github.com/Zartex-the-art/sei-ratelimiter/cmd/race_demo/main.go:15.43,23.2 3 0
github.com/Zartex-the-art/sei-ratelimiter/cmd/race_demo/main.go:25.37,29.2 3 0
github.com/Zartex-the-art/sei-ratelimiter/cmd/race_demo/main.go:31.13,40.27 6 0
github.com/Zartex-the-art/sei-ratelimiter/cmd/race_demo/main.go:40.27,41.19 1 0
github.com/Zartex-the-art/sei-ratelimiter/cmd/race_demo/main.go:41.19,45.4 3 0
github.com/Zartex-the-art/sei-ratelimiter/cmd/race_demo/main.go:48.2,51.31 3 0
github.com/Zartex-the-art/sei-ratelimiter/cmd/race_demo/main.go:51.31,53.3 1 0
github.com/Zartex-the-art/sei-ratelimiter/cmd/race_demo/main.go:53.8,55.3 1 0
github.com/Zartex-the-art/sei-ratelimiter/cmd/race_demo/main.go:58.2,63.28 5 0
github.com/Zartex-the-art/sei-ratelimiter/cmd/race_demo/main.go:63.28,64.13 1 0
github.com/Zartex-the-art/sei-ratelimiter/cmd/race_demo/main.go:64.13,70.4 4 0
github.com/Zartex-the-art/sei-ratelimiter/cmd/race_demo/main.go:73.2,82.12 7 0
github.com/Zartex-the-art/sei-ratelimiter/cmd/race_demo/main.go:82.12,84.28 2 0
github.com/Zartex-the-art/sei-ratelimiter/cmd/race_demo/main.go:84.28,86.4 1 0
github.com/Zartex-the-art/sei-ratelimiter/cmd/race_demo/main.go:89.2,89.12 1 0
github.com/Zartex-the-art/sei-ratelimiter/cmd/race_demo/main.go:89.12,91.28 2 0
github.com/Zartex-the-art/sei-ratelimiter/cmd/race_demo/main.go:91.28,93.4 1 0
github.com/Zartex-the-art/sei-ratelimiter/cmd/race_demo/main.go:96.2,97.68 2 0
github.com/Zartex-the-art/sei-ratelimiter/fixed_window.go:17.57,24.2 1 0
github.com/Zartex-the-art/sei-ratelimiter/fixed_window.go:25.87,33.81 5 0
github.com/Zartex-the-art/sei-ratelimiter/fixed_window.go:33.81,36.3 2 0
github.com/Zartex-the-art/sei-ratelimiter/fixed_window.go:38.2,44.19 4 0
github.com/Zartex-the-art/sei-ratelimiter/fixed_window.go:44.19,46.3 1 0
github.com/Zartex-the-art/sei-ratelimiter/fixed_window.go:48.2,48.22 1 0
github.com/Zartex-the-art/sei-ratelimiter/fixed_window.go:48.22,50.3 1 0
github.com/Zartex-the-art/sei-ratelimiter/fixed_window.go:52.2,52.29 1 0
github.com/Zartex-the-art/sei-ratelimiter/fixed_window.go:54.47,60.2 4 0
github.com/Zartex-the-art/sei-ratelimiter/cmd/demo/main.go:10.13,13.26 2 0
github.com/Zartex-the-art/sei-ratelimiter/cmd/demo/main.go:13.26,16.14 2 0
github.com/Zartex-the-art/sei-ratelimiter/cmd/demo/main.go:16.14,18.4 1 0
github.com/Zartex-the-art/sei-ratelimiter/cmd/demo/main.go:18.9,20.4 1 0
github.com/Zartex-the-art/sei-ratelimiter/cmd/counter/main.go:9.13,13.28 3 0
github.com/Zartex-the-art/sei-ratelimiter/cmd/counter/main.go:13.28,15.13 2 0
github.com/Zartex-the-art/sei-ratelimiter/cmd/counter/main.go:15.13,18.4 2 0
github.com/Zartex-the-art/sei-ratelimiter/cmd/counter/main.go:21.2,22.40 2 0
github.com/Zartex-the-art/sei-ratelimiter/cmd/server/main.go:16.13,21.54 3 0
github.com/Zartex-the-art/sei-ratelimiter/cmd/server/main.go:21.54,25.3 3 0
github.com/Zartex-the-art/sei-ratelimiter/cmd/server/main.go:25.8,27.3 1 0
github.com/Zartex-the-art/sei-ratelimiter/cmd/server/main.go:30.2,30.52 1 0
github.com/Zartex-the-art/sei-ratelimiter/cmd/server/main.go:30.52,31.69 1 0
github.com/Zartex-the-art/sei-ratelimiter/cmd/server/main.go:31.69,33.4 1 0
github.com/Zartex-the-art/sei-ratelimiter/cmd/server/main.go:36.2,41.74 2 0
github.com/Zartex-the-art/sei-ratelimiter/cmd/server/main.go:41.74,42.33 1 0
github.com/Zartex-the-art/sei-ratelimiter/cmd/server/main.go:42.33,45.4 2 0
github.com/Zartex-the-art/sei-ratelimiter/cmd/server/main.go:47.3,48.58 2 0
github.com/Zartex-the-art/sei-ratelimiter/cmd/server/main.go:50.2,54.73 4 0
github.com/Zartex-the-art/sei-ratelimiter/cmd/server/main.go:54.73,55.19 1 0
github.com/Zartex-the-art/sei-ratelimiter/cmd/server/main.go:56.24,57.49 1 0
github.com/Zartex-the-art/sei-ratelimiter/cmd/server/main.go:59.23,60.48 1 0
github.com/Zartex-the-art/sei-ratelimiter/cmd/server/main.go:62.11,63.46 1 0
github.com/Zartex-the-art/sei-ratelimiter/cmd/server/main.go:67.2,73.63 2 0
github.com/Zartex-the-art/sei-ratelimiter/cmd/server/main.go:73.63,75.3 1 0
github.com/Zartex-the-art/sei-ratelimiter/cmd/server2/main.go:9.60,17.2 3 0
github.com/Zartex-the-art/sei-ratelimiter/cmd/server2/main.go:19.13,24.2 3 0
github.com/Zartex-the-art/sei-ratelimiter/cmd/workerpool/main.go:8.58,11.24 2 0
github.com/Zartex-the-art/sei-ratelimiter/cmd/workerpool/main.go:11.24,13.3 1 0
github.com/Zartex-the-art/sei-ratelimiter/cmd/workerpool/main.go:16.13,21.26 3 0
github.com/Zartex-the-art/sei-ratelimiter/cmd/workerpool/main.go:21.26,24.3 2 0
github.com/Zartex-the-art/sei-ratelimiter/cmd/workerpool/main.go:26.2,26.27 1 0
github.com/Zartex-the-art/sei-ratelimiter/cmd/workerpool/main.go:26.27,28.3 1 0
github.com/Zartex-the-art/sei-ratelimiter/cmd/workerpool/main.go:30.2,34.35 3 0
github.com/Zartex-the-art/sei-ratelimiter/internal/api/middleware/rate_limiter.go:10.78,11.46 1 0
github.com/Zartex-the-art/sei-ratelimiter/internal/api/middleware/rate_limiter.go:11.46,12.72 1 0
github.com/Zartex-the-art/sei-ratelimiter/internal/api/middleware/rate_limiter.go:12.72,18.18 3 0
github.com/Zartex-the-art/sei-ratelimiter/internal/api/middleware/rate_limiter.go:18.18,21.5 2 0
github.com/Zartex-the-art/sei-ratelimiter/internal/api/middleware/rate_limiter.go:23.4,25.16 2 0
github.com/Zartex-the-art/sei-ratelimiter/internal/api/middleware/rate_limiter.go:25.16,28.5 2 0
github.com/Zartex-the-art/sei-ratelimiter/internal/api/middleware/rate_limiter.go:30.4,30.24 1 0
github.com/Zartex-the-art/sei-ratelimiter/internal/middleware/ratelimit.go:12.48,13.71 1 0
github.com/Zartex-the-art/sei-ratelimiter/internal/middleware/ratelimit.go:13.71,15.37 1 0
github.com/Zartex-the-art/sei-ratelimiter/internal/middleware/ratelimit.go:15.37,18.4 2 0
github.com/Zartex-the-art/sei-ratelimiter/internal/middleware/ratelimit.go:20.3,20.23 1 0
github.com/Zartex-the-art/sei-ratelimiter/internal/config/config.go:11.23,17.2 1 2
github.com/Zartex-the-art/sei-ratelimiter/internal/config/config.go:19.44,20.38 1 6
github.com/Zartex-the-art/sei-ratelimiter/internal/config/config.go:20.38,22.3 1 3
github.com/Zartex-the-art/sei-ratelimiter/internal/config/config.go:23.2,23.19 1 3
github.com/Zartex-the-art/sei-ratelimiter/internal/limiter/fixed_window.go:16.81,23.2 1 1
github.com/Zartex-the-art/sei-ratelimiter/internal/limiter/fixed_window.go:25.53,31.40 4 4
github.com/Zartex-the-art/sei-ratelimiter/internal/limiter/fixed_window.go:31.40,34.3 2 0
github.com/Zartex-the-art/sei-ratelimiter/internal/limiter/fixed_window.go:36.2,36.30 1 4
github.com/Zartex-the-art/sei-ratelimiter/internal/limiter/fixed_window.go:36.30,38.3 1 1
github.com/Zartex-the-art/sei-ratelimiter/internal/limiter/fixed_window.go:40.2,41.13 2 3
github.com/Zartex-the-art/sei-ratelimiter/internal/handlers/check.go:18.73,19.54 1 12
github.com/Zartex-the-art/sei-ratelimiter/internal/handlers/check.go:19.54,24.62 3 33
github.com/Zartex-the-art/sei-ratelimiter/internal/handlers/check.go:24.62,27.4 2 1
github.com/Zartex-the-art/sei-ratelimiter/internal/handlers/check.go:29.3,29.25 1 32
github.com/Zartex-the-art/sei-ratelimiter/internal/handlers/check.go:29.25,32.4 2 1
github.com/Zartex-the-art/sei-ratelimiter/internal/handlers/check.go:34.3,39.17 2 31
github.com/Zartex-the-art/sei-ratelimiter/internal/handlers/check.go:39.17,41.25 1 2
github.com/Zartex-the-art/sei-ratelimiter/internal/handlers/check.go:41.25,49.5 3 0
github.com/Zartex-the-art/sei-ratelimiter/internal/handlers/check.go:51.4,52.10 2 2
github.com/Zartex-the-art/sei-ratelimiter/internal/handlers/check.go:55.3,61.17 2 29
github.com/Zartex-the-art/sei-ratelimiter/internal/handlers/check.go:61.17,64.4 2 1
github.com/Zartex-the-art/sei-ratelimiter/internal/handlers/check.go:66.3,68.17 2 28
github.com/Zartex-the-art/sei-ratelimiter/internal/handlers/check.go:68.17,70.25 1 25
github.com/Zartex-the-art/sei-ratelimiter/internal/handlers/check.go:70.25,78.5 3 25
github.com/Zartex-the-art/sei-ratelimiter/internal/handlers/check.go:80.4,86.10 3 0
github.com/Zartex-the-art/sei-ratelimiter/internal/handlers/check.go:89.3,97.5 2 3
github.com/Zartex-the-art/sei-ratelimiter/internal/handlers/check.go:107.66,113.46 3 31
github.com/Zartex-the-art/sei-ratelimiter/internal/handlers/check.go:113.46,116.3 1 0
github.com/Zartex-the-art/sei-ratelimiter/internal/handlers/check.go:117.2,117.43 1 31
github.com/Zartex-the-art/sei-ratelimiter/internal/handlers/check.go:117.43,123.37 3 0
github.com/Zartex-the-art/sei-ratelimiter/internal/handlers/check.go:123.37,129.4 3 0
github.com/Zartex-the-art/sei-ratelimiter/internal/handlers/check.go:133.2,133.25 1 31
github.com/Zartex-the-art/sei-ratelimiter/internal/handlers/check.go:133.25,135.3 1 0
github.com/Zartex-the-art/sei-ratelimiter/internal/handlers/check.go:137.2,137.20 1 31
github.com/Zartex-the-art/sei-ratelimiter/internal/handlers/check.go:137.20,139.3 1 1
github.com/Zartex-the-art/sei-ratelimiter/internal/handlers/check.go:141.2,141.25 1 30
github.com/Zartex-the-art/sei-ratelimiter/internal/handlers/check.go:141.25,143.3 1 1
github.com/Zartex-the-art/sei-ratelimiter/internal/handlers/check.go:145.2,145.58 1 29
github.com/Zartex-the-art/sei-ratelimiter/internal/handlers/check.go:149.62,155.2 2 5
github.com/Zartex-the-art/sei-ratelimiter/internal/handlers/errors.go:8.35,9.16 1 27
github.com/Zartex-the-art/sei-ratelimiter/internal/handlers/errors.go:9.16,11.3 1 0
github.com/Zartex-the-art/sei-ratelimiter/internal/handlers/errors.go:13.2,13.42 1 27
github.com/Zartex-the-art/sei-ratelimiter/internal/handlers/errors.go:13.42,15.3 1 0
github.com/Zartex-the-art/sei-ratelimiter/internal/handlers/errors.go:17.2,17.34 1 27
github.com/Zartex-the-art/sei-ratelimiter/internal/handlers/errors.go:17.34,19.3 1 0
github.com/Zartex-the-art/sei-ratelimiter/internal/handlers/errors.go:21.2,34.35 3 27
github.com/Zartex-the-art/sei-ratelimiter/internal/handlers/errors.go:34.35,35.31 1 41
github.com/Zartex-the-art/sei-ratelimiter/internal/handlers/errors.go:35.31,37.4 1 25
github.com/Zartex-the-art/sei-ratelimiter/internal/handlers/errors.go:40.2,40.14 1 2
github.com/Zartex-the-art/sei-ratelimiter/internal/handlers/errors.go:43.36,44.16 1 54
github.com/Zartex-the-art/sei-ratelimiter/internal/handlers/errors.go:44.16,46.3 1 0
github.com/Zartex-the-art/sei-ratelimiter/internal/handlers/errors.go:48.2,48.38 1 54
github.com/Zartex-the-art/sei-ratelimiter/internal/handlers/rules.go:17.63,18.54 1 7
github.com/Zartex-the-art/sei-ratelimiter/internal/handlers/rules.go:18.54,22.62 3 14
github.com/Zartex-the-art/sei-ratelimiter/internal/handlers/rules.go:22.62,28.4 3 1
github.com/Zartex-the-art/sei-ratelimiter/internal/handlers/rules.go:30.3,30.25 1 13
github.com/Zartex-the-art/sei-ratelimiter/internal/handlers/rules.go:30.25,36.4 3 1
github.com/Zartex-the-art/sei-ratelimiter/internal/handlers/rules.go:38.3,38.21 1 12
github.com/Zartex-the-art/sei-ratelimiter/internal/handlers/rules.go:38.21,44.4 3 2
github.com/Zartex-the-art/sei-ratelimiter/internal/handlers/rules.go:46.3,46.26 1 10
github.com/Zartex-the-art/sei-ratelimiter/internal/handlers/rules.go:46.26,52.4 3 1
github.com/Zartex-the-art/sei-ratelimiter/internal/handlers/rules.go:54.3,55.50 2 9
github.com/Zartex-the-art/sei-ratelimiter/internal/handlers/rules.go:55.50,56.26 1 12
github.com/Zartex-the-art/sei-ratelimiter/internal/handlers/rules.go:56.26,58.10 2 8
github.com/Zartex-the-art/sei-ratelimiter/internal/handlers/rules.go:62.3,62.13 1 9
github.com/Zartex-the-art/sei-ratelimiter/internal/handlers/rules.go:62.13,68.4 3 1
github.com/Zartex-the-art/sei-ratelimiter/internal/handlers/rules.go:70.3,101.43 10 8
github.com/Zartex-the-art/sei-ratelimiter/internal/handlers/rules.go:101.43,107.4 3 0
github.com/Zartex-the-art/sei-ratelimiter/internal/handlers/rules.go:109.3,110.34 2 8
github.com/Zartex-the-art/sei-ratelimiter/internal/handlers/rules.go:115.62,116.54 1 3
github.com/Zartex-the-art/sei-ratelimiter/internal/handlers/rules.go:116.54,122.17 4 3
github.com/Zartex-the-art/sei-ratelimiter/internal/handlers/rules.go:122.17,128.4 3 0
github.com/Zartex-the-art/sei-ratelimiter/internal/handlers/rules.go:130.3,132.26 2 3
github.com/Zartex-the-art/sei-ratelimiter/internal/handlers/rules.go:132.26,134.38 2 4
github.com/Zartex-the-art/sei-ratelimiter/internal/handlers/rules.go:134.38,135.13 1 1
github.com/Zartex-the-art/sei-ratelimiter/internal/handlers/rules.go:138.4,139.18 2 3
github.com/Zartex-the-art/sei-ratelimiter/internal/handlers/rules.go:139.18,140.13 1 0
github.com/Zartex-the-art/sei-ratelimiter/internal/handlers/rules.go:143.4,143.31 1 3
github.com/Zartex-the-art/sei-ratelimiter/internal/handlers/rules.go:146.3,149.5 2 3
github.com/Zartex-the-art/sei-ratelimiter/internal/handlers/rules.go:154.60,155.54 1 3
github.com/Zartex-the-art/sei-ratelimiter/internal/handlers/rules.go:155.54,162.17 5 3
github.com/Zartex-the-art/sei-ratelimiter/internal/handlers/rules.go:162.17,168.4 3 0
github.com/Zartex-the-art/sei-ratelimiter/internal/handlers/rules.go:170.3,170.23 1 3
github.com/Zartex-the-art/sei-ratelimiter/internal/handlers/rules.go:170.23,176.4 3 2
github.com/Zartex-the-art/sei-ratelimiter/internal/handlers/rules.go:178.3,179.17 2 1
github.com/Zartex-the-art/sei-ratelimiter/internal/handlers/rules.go:179.17,185.4 3 0
github.com/Zartex-the-art/sei-ratelimiter/internal/handlers/rules.go:187.3,188.34 2 1
github.com/Zartex-the-art/sei-ratelimiter/internal/handlers/rules.go:193.63,194.54 1 3
github.com/Zartex-the-art/sei-ratelimiter/internal/handlers/rules.go:194.54,201.37 5 3
github.com/Zartex-the-art/sei-ratelimiter/internal/handlers/rules.go:201.37,207.4 3 1
github.com/Zartex-the-art/sei-ratelimiter/internal/handlers/rules.go:209.3,217.51 7 2
github.com/Zartex-the-art/sei-ratelimiter/internal/handlers/rules.go:217.51,223.4 3 0
github.com/Zartex-the-art/sei-ratelimiter/internal/handlers/rules.go:225.3,225.38 1 2
github.com/Zartex-the-art/sei-ratelimiter/internal/handlers/rules.go:230.66,245.2 5 4
github.com/Zartex-the-art/sei-ratelimiter/internal/testhelpers/helpers.go:19.46,23.16 3 16
github.com/Zartex-the-art/sei-ratelimiter/internal/testhelpers/helpers.go:23.16,25.3 1 0
github.com/Zartex-the-art/sei-ratelimiter/internal/testhelpers/helpers.go:27.2,33.64 2 16
github.com/Zartex-the-art/sei-ratelimiter/internal/testhelpers/helpers.go:33.64,36.3 2 0
github.com/Zartex-the-art/sei-ratelimiter/internal/testhelpers/helpers.go:37.2,37.19 1 16
github.com/Zartex-the-art/sei-ratelimiter/internal/testhelpers/helpers.go:37.19,39.3 1 16
github.com/Zartex-the-art/sei-ratelimiter/internal/testhelpers/helpers.go:41.2,41.15 1 16
github.com/Zartex-the-art/sei-ratelimiter/internal/testhelpers/helpers.go:52.72,55.35 3 8
github.com/Zartex-the-art/sei-ratelimiter/internal/testhelpers/helpers.go:55.35,57.20 2 20
github.com/Zartex-the-art/sei-ratelimiter/internal/testhelpers/helpers.go:57.20,59.4 1 9
github.com/Zartex-the-art/sei-ratelimiter/internal/testhelpers/helpers.go:65.68,67.17 2 0
github.com/Zartex-the-art/sei-ratelimiter/internal/testhelpers/helpers.go:67.17,69.3 1 0
github.com/Zartex-the-art/sei-ratelimiter/internal/testhelpers/helpers.go:78.62,80.2 1 0
github.com/Zartex-the-art/sei-ratelimiter/internal/testhelpers/helpers.go:83.39,85.74 2 0
github.com/Zartex-the-art/sei-ratelimiter/internal/testhelpers/helpers.go:85.74,87.3 1 0
github.com/Zartex-the-art/sei-ratelimiter/internal/testhelpers/helpers.go:19.46,23.16 3 0
github.com/Zartex-the-art/sei-ratelimiter/internal/testhelpers/helpers.go:23.16,25.3 1 0
github.com/Zartex-the-art/sei-ratelimiter/internal/testhelpers/helpers.go:27.2,33.64 2 0
github.com/Zartex-the-art/sei-ratelimiter/internal/testhelpers/helpers.go:33.64,36.3 2 0
github.com/Zartex-the-art/sei-ratelimiter/internal/testhelpers/helpers.go:37.2,37.19 1 0
github.com/Zartex-the-art/sei-ratelimiter/internal/testhelpers/helpers.go:37.19,39.3 1 0
github.com/Zartex-the-art/sei-ratelimiter/internal/testhelpers/helpers.go:41.2,41.15 1 0
github.com/Zartex-the-art/sei-ratelimiter/internal/testhelpers/helpers.go:52.72,55.35 3 0
github.com/Zartex-the-art/sei-ratelimiter/internal/testhelpers/helpers.go:55.35,57.20 2 0
github.com/Zartex-the-art/sei-ratelimiter/internal/testhelpers/helpers.go:57.20,59.4 1 0
github.com/Zartex-the-art/sei-ratelimiter/internal/testhelpers/helpers.go:65.68,67.17 2 0
github.com/Zartex-the-art/sei-ratelimiter/internal/testhelpers/helpers.go:67.17,69.3 1 0
github.com/Zartex-the-art/sei-ratelimiter/internal/testhelpers/helpers.go:78.62,80.2 1 0
github.com/Zartex-the-art/sei-ratelimiter/internal/testhelpers/helpers.go:83.39,85.74 2 0
github.com/Zartex-the-art/sei-ratelimiter/internal/testhelpers/helpers.go:85.74,87.3 1 0
github.com/Zartex-the-art/sei-ratelimiter/pkg/workerpool/workerpool.go:34.91,35.21 1 4
github.com/Zartex-the-art/sei-ratelimiter/pkg/workerpool/workerpool.go:35.21,37.3 1 0
github.com/Zartex-the-art/sei-ratelimiter/pkg/workerpool/workerpool.go:38.2,38.22 1 4
github.com/Zartex-the-art/sei-ratelimiter/pkg/workerpool/workerpool.go:38.22,40.3 1 0
github.com/Zartex-the-art/sei-ratelimiter/pkg/workerpool/workerpool.go:42.2,46.8 1 4
github.com/Zartex-the-art/sei-ratelimiter/pkg/workerpool/workerpool.go:50.93,51.37 1 2
github.com/Zartex-the-art/sei-ratelimiter/pkg/workerpool/workerpool.go:51.37,53.13 2 8
github.com/Zartex-the-art/sei-ratelimiter/pkg/workerpool/workerpool.go:53.13,55.8 2 8
github.com/Zartex-the-art/sei-ratelimiter/pkg/workerpool/workerpool.go:55.8,56.12 1 113
github.com/Zartex-the-art/sei-ratelimiter/pkg/workerpool/workerpool.go:57.31,58.13 1 113
github.com/Zartex-the-art/sei-ratelimiter/pkg/workerpool/workerpool.go:58.13,60.7 1 8
github.com/Zartex-the-art/sei-ratelimiter/pkg/workerpool/workerpool.go:61.6,62.13 2 105
github.com/Zartex-the-art/sei-ratelimiter/pkg/workerpool/workerpool.go:63.32,63.32 0 105
github.com/Zartex-the-art/sei-ratelimiter/pkg/workerpool/workerpool.go:64.24,65.13 1 0
github.com/Zartex-the-art/sei-ratelimiter/pkg/workerpool/workerpool.go:67.23,68.12 1 0
github.com/Zartex-the-art/sei-ratelimiter/pkg/workerpool/workerpool.go:76.54,80.15 3 106
github.com/Zartex-the-art/sei-ratelimiter/pkg/workerpool/workerpool.go:80.15,82.3 1 1
github.com/Zartex-the-art/sei-ratelimiter/pkg/workerpool/workerpool.go:84.2,84.9 1 105
github.com/Zartex-the-art/sei-ratelimiter/pkg/workerpool/workerpool.go:85.22,86.13 1 105
github.com/Zartex-the-art/sei-ratelimiter/pkg/workerpool/workerpool.go:87.10,88.38 1 0
github.com/Zartex-the-art/sei-ratelimiter/pkg/workerpool/workerpool.go:93.59,95.2 1 2
github.com/Zartex-the-art/sei-ratelimiter/pkg/workerpool/workerpool.go:98.36,99.24 1 5
github.com/Zartex-the-art/sei-ratelimiter/pkg/workerpool/workerpool.go:99.24,107.3 6 4
github.com/Zartex-the-art/sei-ratelimiter/internal/store/error_store.go:15.34,19.2 1 2
github.com/Zartex-the-art/sei-ratelimiter/internal/store/error_store.go:21.9,23.2 1 1
github.com/Zartex-the-art/sei-ratelimiter/internal/store/error_store.go:24.97,26.2 1 1
github.com/Zartex-the-art/sei-ratelimiter/internal/store/error_store.go:27.97,29.2 1 1
github.com/Zartex-the-art/sei-ratelimiter/internal/store/error_store.go:30.96,32.2 1 1
github.com/Zartex-the-art/sei-ratelimiter/internal/store/error_store.go:33.91,35.2 1 1
github.com/Zartex-the-art/sei-ratelimiter/internal/store/error_store.go:36.98,38.2 1 1
github.com/Zartex-the-art/sei-ratelimiter/internal/store/error_store.go:39.70,41.2 1 1
github.com/Zartex-the-art/sei-ratelimiter/internal/store/error_store.go:42.139,44.2 1 1
github.com/Zartex-the-art/sei-ratelimiter/internal/store/error_store.go:45.122,47.2 1 1
github.com/Zartex-the-art/sei-ratelimiter/internal/store/fake_store.go:13.32,17.2 1 4
github.com/Zartex-the-art/sei-ratelimiter/internal/store/fake_store.go:19.95,25.2 4 4
github.com/Zartex-the-art/sei-ratelimiter/internal/store/fake_store.go:27.39,32.2 3 1
github.com/Zartex-the-art/sei-ratelimiter/internal/store/fake_store.go:34.68,38.25 3 1
github.com/Zartex-the-art/sei-ratelimiter/internal/store/fake_store.go:38.25,40.3 1 1
github.com/Zartex-the-art/sei-ratelimiter/internal/store/fake_store.go:41.2,41.12 1 1
github.com/Zartex-the-art/sei-ratelimiter/internal/store/fake_store.go:44.95,46.2 1 0
github.com/Zartex-the-art/sei-ratelimiter/internal/store/fake_store.go:48.95,50.2 1 0
github.com/Zartex-the-art/sei-ratelimiter/internal/store/fake_store.go:52.94,54.2 1 0
github.com/Zartex-the-art/sei-ratelimiter/internal/store/fake_store.go:56.89,58.2 1 0
github.com/Zartex-the-art/sei-ratelimiter/internal/store/fake_store.go:60.96,62.2 1 0
github.com/Zartex-the-art/sei-ratelimiter/internal/store/fake_store.go:75.18,82.26 5 4
github.com/Zartex-the-art/sei-ratelimiter/internal/store/fake_store.go:82.26,84.3 1 1
github.com/Zartex-the-art/sei-ratelimiter/internal/store/fake_store.go:86.2,86.19 1 4
github.com/Zartex-the-art/sei-ratelimiter/internal/store/fake_store.go:94.16,103.19 6 1
github.com/Zartex-the-art/sei-ratelimiter/internal/store/fake_store.go:103.19,106.3 2 0
github.com/Zartex-the-art/sei-ratelimiter/internal/store/fake_store.go:108.2,108.28 1 1
github.com/Zartex-the-art/sei-ratelimiter/internal/store/redis_store.go:25.45,48.2 2 5
github.com/Zartex-the-art/sei-ratelimiter/internal/store/redis_store.go:54.18,63.16 2 2
github.com/Zartex-the-art/sei-ratelimiter/internal/store/redis_store.go:63.16,65.3 1 0
github.com/Zartex-the-art/sei-ratelimiter/internal/store/redis_store.go:67.2,67.19 1 2
github.com/Zartex-the-art/sei-ratelimiter/internal/store/redis_store.go:70.69,72.2 1 1
github.com/Zartex-the-art/sei-ratelimiter/internal/store/redis_store.go:79.9,84.2 1 2
github.com/Zartex-the-art/sei-ratelimiter/internal/store/redis_store.go:90.9,97.2 1 0
github.com/Zartex-the-art/sei-ratelimiter/internal/store/redis_store.go:103.18,110.2 1 1
github.com/Zartex-the-art/sei-ratelimiter/internal/store/redis_store.go:115.30,117.2 1 2
github.com/Zartex-the-art/sei-ratelimiter/internal/store/redis_store.go:123.9,125.2 1 2
github.com/Zartex-the-art/sei-ratelimiter/internal/store/redis_store.go:127.54,129.2 1 1
github.com/Zartex-the-art/sei-ratelimiter/internal/store/redis_store.go:131.46,133.2 1 1
github.com/Zartex-the-art/sei-ratelimiter/internal/store/redis_store.go:221.18,233.16 2 0
github.com/Zartex-the-art/sei-ratelimiter/internal/store/redis_store.go:233.16,235.3 1 0
github.com/Zartex-the-art/sei-ratelimiter/internal/store/redis_store.go:237.2,237.19 1 0
github.com/Zartex-the-art/sei-ratelimiter/internal/store/redis_store.go:245.16,256.16 2 0
github.com/Zartex-the-art/sei-ratelimiter/internal/store/redis_store.go:256.16,258.3 1 0
github.com/Zartex-the-art/sei-ratelimiter/internal/store/redis_store.go:260.2,260.23 1 0
github.com/Zartex-the-art/sei-ratelimiter/pkg/counter/counter.go:12.36,14.2 1 1
github.com/Zartex-the-art/sei-ratelimiter/pkg/counter/counter.go:17.29,21.2 3 100000
github.com/Zartex-the-art/sei-ratelimiter/pkg/counter/counter.go:24.35,28.2 3 1
github.com/Zartex-the-art/sei-ratelimiter/pkg/counter/counter.go:35.31,37.2 1 0
github.com/Zartex-the-art/sei-ratelimiter/pkg/counter/counter.go:39.37,41.2 1 0
github.com/Zartex-the-art/sei-ratelimiter/internal/algorithms/factory.go:12.90,13.16 1 10
github.com/Zartex-the-art/sei-ratelimiter/internal/algorithms/factory.go:13.16,15.3 1 3
github.com/Zartex-the-art/sei-ratelimiter/internal/algorithms/factory.go:17.2,17.21 1 7
github.com/Zartex-the-art/sei-ratelimiter/internal/algorithms/factory.go:17.21,19.3 1 3
github.com/Zartex-the-art/sei-ratelimiter/internal/algorithms/factory.go:21.2,21.19 1 4
github.com/Zartex-the-art/sei-ratelimiter/internal/algorithms/factory.go:22.28,23.51 1 1
github.com/Zartex-the-art/sei-ratelimiter/internal/algorithms/factory.go:24.30,25.53 1 0
github.com/Zartex-the-art/sei-ratelimiter/internal/algorithms/factory.go:26.28,27.51 1 0
github.com/Zartex-the-art/sei-ratelimiter/internal/algorithms/factory.go:28.10,29.60 1 3
github.com/Zartex-the-art/sei-ratelimiter/internal/algorithms/factory.go:34.33,40.2 1 1
github.com/Zartex-the-art/sei-ratelimiter/internal/algorithms/fixed_window.go:16.72,22.2 1 14
github.com/Zartex-the-art/sei-ratelimiter/internal/algorithms/fixed_window.go:23.87,31.16 3 1266
github.com/Zartex-the-art/sei-ratelimiter/internal/algorithms/fixed_window.go:31.16,33.3 1 0
github.com/Zartex-the-art/sei-ratelimiter/internal/algorithms/fixed_window.go:35.2,37.19 2 1266
github.com/Zartex-the-art/sei-ratelimiter/internal/algorithms/fixed_window.go:37.19,39.3 1 965
github.com/Zartex-the-art/sei-ratelimiter/internal/algorithms/fixed_window.go:41.2,41.27 1 1266
github.com/Zartex-the-art/sei-ratelimiter/internal/algorithms/fixed_window.go:41.27,43.3 1 965
github.com/Zartex-the-art/sei-ratelimiter/internal/algorithms/fixed_window.go:45.2,45.29 1 301
github.com/Zartex-the-art/sei-ratelimiter/internal/algorithms/sliding_window.go:28.76,34.2 1 7
github.com/Zartex-the-art/sei-ratelimiter/internal/algorithms/sliding_window.go:41.89,48.16 6 336
github.com/Zartex-the-art/sei-ratelimiter/internal/algorithms/sliding_window.go:48.16,50.3 1 0
github.com/Zartex-the-art/sei-ratelimiter/internal/algorithms/sliding_window.go:51.2,51.27 1 336
github.com/Zartex-the-art/sei-ratelimiter/internal/algorithms/sliding_window.go:51.27,53.3 1 254
github.com/Zartex-the-art/sei-ratelimiter/internal/algorithms/sliding_window.go:54.2,55.29 2 82
github.com/Zartex-the-art/sei-ratelimiter/internal/algorithms/token_bucket.go:27.72,34.2 1 8
github.com/Zartex-the-art/sei-ratelimiter/internal/algorithms/token_bucket.go:40.87,45.16 4 538
github.com/Zartex-the-art/sei-ratelimiter/internal/algorithms/token_bucket.go:45.16,47.3 1 0
github.com/Zartex-the-art/sei-ratelimiter/internal/algorithms/token_bucket.go:48.2,48.21 1 538
github.com/Zartex-the-art/sei-ratelimiter/internal/algorithms/token_bucket.go:48.21,50.3 1 405
github.com/Zartex-the-art/sei-ratelimiter/internal/algorithms/token_bucket.go:51.2,51.29 1 133
github.com/Zartex-the-art/sei-ratelimiter/internal/testhelpers/helpers.go:19.46,23.16 3 25
github.com/Zartex-the-art/sei-ratelimiter/internal/testhelpers/helpers.go:23.16,25.3 1 0
github.com/Zartex-the-art/sei-ratelimiter/internal/testhelpers/helpers.go:27.2,33.64 2 25
github.com/Zartex-the-art/sei-ratelimiter/internal/testhelpers/helpers.go:33.64,36.3 2 0
github.com/Zartex-the-art/sei-ratelimiter/internal/testhelpers/helpers.go:37.2,37.19 1 25
github.com/Zartex-the-art/sei-ratelimiter/internal/testhelpers/helpers.go:37.19,39.3 1 25
github.com/Zartex-the-art/sei-ratelimiter/internal/testhelpers/helpers.go:41.2,41.15 1 25
github.com/Zartex-the-art/sei-ratelimiter/internal/testhelpers/helpers.go:52.72,55.35 3 10
github.com/Zartex-the-art/sei-ratelimiter/internal/testhelpers/helpers.go:55.35,57.20 2 10
github.com/Zartex-the-art/sei-ratelimiter/internal/testhelpers/helpers.go:57.20,59.4 1 10
github.com/Zartex-the-art/sei-ratelimiter/internal/testhelpers/helpers.go:65.68,67.17 2 0
github.com/Zartex-the-art/sei-ratelimiter/internal/testhelpers/helpers.go:67.17,69.3 1 0
github.com/Zartex-the-art/sei-ratelimiter/internal/testhelpers/helpers.go:78.62,80.2 1 10
github.com/Zartex-the-art/sei-ratelimiter/internal/testhelpers/helpers.go:83.39,85.74 2 11
github.com/Zartex-the-art/sei-ratelimiter/internal/testhelpers/helpers.go:85.74,87.3 1 0
github.com/Zartex-the-art/sei-ratelimiter/internal/testhelpers/helpers.go:19.46,23.16 3 8
github.com/Zartex-the-art/sei-ratelimiter/internal/testhelpers/helpers.go:23.16,25.3 1 0
github.com/Zartex-the-art/sei-ratelimiter/internal/testhelpers/helpers.go:27.2,33.64 2 8
github.com/Zartex-the-art/sei-ratelimiter/internal/testhelpers/helpers.go:33.64,36.3 2 0
github.com/Zartex-the-art/sei-ratelimiter/internal/testhelpers/helpers.go:37.2,37.19 1 8
github.com/Zartex-the-art/sei-ratelimiter/internal/testhelpers/helpers.go:37.19,39.3 1 8
github.com/Zartex-the-art/sei-ratelimiter/internal/testhelpers/helpers.go:41.2,41.15 1 8
github.com/Zartex-the-art/sei-ratelimiter/internal/testhelpers/helpers.go:52.72,55.35 3 13
github.com/Zartex-the-art/sei-ratelimiter/internal/testhelpers/helpers.go:55.35,57.20 2 13
github.com/Zartex-the-art/sei-ratelimiter/internal/testhelpers/helpers.go:57.20,59.4 1 12
github.com/Zartex-the-art/sei-ratelimiter/internal/testhelpers/helpers.go:65.68,67.17 2 0
github.com/Zartex-the-art/sei-ratelimiter/internal/testhelpers/helpers.go:67.17,69.3 1 0
github.com/Zartex-the-art/sei-ratelimiter/internal/testhelpers/helpers.go:78.62,80.2 1 0
github.com/Zartex-the-art/sei-ratelimiter/internal/testhelpers/helpers.go:83.39,85.74 2 0
github.com/Zartex-the-art/sei-ratelimiter/internal/testhelpers/helpers.go:85.74,87.3 1 0
